<?xml version="1.0" encoding="UTF-8"?>
<!-- Generated by org.testng.reporters.JUnitReportReporter -->
<testsuite hostname="Salenium-01" failures="0" tests="1" name="com.spree.Retrieve_An_Account" time="0.795" errors="0" timestamp="2022-10-12T09:44:15 GMT-04:00" skipped="0">
  <testcase classname="com.spree.Retrieve_An_Account" name="retrieve_An_Account" time="0.795"/>
  <system-out/>
</testsuite> <!-- com.spree.Retrieve_An_Account -->
