<?xml version="1.0" encoding="UTF-8"?>
<!-- Generated by org.testng.reporters.JUnitReportReporter -->
<testsuite hostname="Salenium-01" failures="0" tests="2" name="com.spree.Create_Address_Using_API_Delete_Address_Using_UI" time="30.840" errors="0" timestamp="2022-10-12T13:36:19 GMT-04:00" skipped="0">
  <testcase classname="com.spree.Create_Address_Using_API_Delete_Address_Using_UI" name="POST_Create_Address" time="9.837"/>
  <system-out/>
  <testcase classname="com.spree.Create_Address_Using_API_Delete_Address_Using_UI" name="login" time="21.003"/>
  <system-out/>
</testsuite> <!-- com.spree.Create_Address_Using_API_Delete_Address_Using_UI -->
