<?xml version="1.0" encoding="UTF-8"?>
<!-- Generated by org.testng.reporters.JUnitReportReporter -->
<testsuite hostname="Salenium-01" failures="0" tests="5" name="com.spree.Retrieve_Country_Using_DataProvider" time="16.812" errors="0" timestamp="2022-10-12T10:29:47 GMT-04:00" skipped="0">
  <testcase classname="com.spree.Retrieve_Country_Using_DataProvider" name="retrieveCountry" time="0.815"/>
  <system-out/>
  <testcase classname="com.spree.Retrieve_Country_Using_DataProvider" name="retrieveCountry" time="0.771"/>
  <system-out/>
  <testcase classname="com.spree.Retrieve_Country_Using_DataProvider" name="retrieveCountry" time="0.983"/>
  <system-out/>
  <testcase classname="com.spree.Retrieve_Country_Using_DataProvider" name="retrieveCountry" time="13.458"/>
  <system-out/>
  <testcase classname="com.spree.Retrieve_Country_Using_DataProvider" name="retrieveCountry" time="0.785"/>
  <system-out/>
</testsuite> <!-- com.spree.Retrieve_Country_Using_DataProvider -->
