<?xml version="1.0" encoding="UTF-8"?>
<!-- Generated by org.testng.reporters.JUnitReportReporter -->
<testsuite hostname="Salenium-01" failures="0" tests="5" name="com.spree.Create_Account_Using_API_Login_Using_UI" time="19.618" errors="0" timestamp="2022-10-14T09:56:08 GMT-04:00" skipped="0">
  <testcase classname="com.spree.Create_Account_Using_API_Login_Using_UI" name="createAccount" time="5.221"/>
  <system-out/>
  <testcase classname="com.spree.Create_Account_Using_API_Login_Using_UI" name="loginWithUI" time="11.919"/>
  <system-out/>
  <testcase classname="com.spree.Create_Account_Using_API_Login_Using_UI" name="generateToken" time="0.798"/>
  <system-out/>
  <testcase classname="com.spree.Create_Account_Using_API_Login_Using_UI" name="retrieveAccount" time="0.835"/>
  <system-out/>
  <testcase classname="com.spree.Create_Account_Using_API_Login_Using_UI" name="updateAccount" time="0.845"/>
  <system-out/>
</testsuite> <!-- com.spree.Create_Account_Using_API_Login_Using_UI -->
