<?xml version="1.0" encoding="UTF-8"?>
<!-- Generated by org.testng.reporters.JUnitReportReporter -->
<testsuite hostname="Salenium-01" failures="0" tests="1" name="com.spree.Create_An_Address_Calling_BaseClass" time="9.559" errors="0" timestamp="2022-10-12T10:00:48 GMT-04:00" skipped="0">
  <testcase classname="com.spree.Create_An_Address_Calling_BaseClass" name="POST_Create_Address" time="9.559"/>
  <system-out/>
</testsuite> <!-- com.spree.Create_An_Address_Calling_BaseClass -->
