<?xml version="1.0" encoding="UTF-8"?>
<!-- Generated by org.testng.reporters.JUnitReportReporter -->
<testsuite hostname="Salenium-01" failures="0" tests="2" name="com.spree.Create__Update_An_Address" time="10.918" errors="0" timestamp="2022-10-12T10:02:03 GMT-04:00" skipped="0">
  <testcase classname="com.spree.Create__Update_An_Address" name="POST_Create_Address" time="9.274"/>
  <system-out/>
  <testcase classname="com.spree.Create__Update_An_Address" name="updateAddress" time="1.644"/>
  <system-out/>
</testsuite> <!-- com.spree.Create__Update_An_Address -->
