<?xml version="1.0" encoding="UTF-8"?>
<!-- Generated by org.testng.reporters.JUnitReportReporter -->
<testsuite hostname="Salenium-01" failures="0" tests="2" name="com.spree.Create_Delete_An_Address" time="2.342" errors="0" timestamp="2022-10-12T09:38:59 GMT-04:00" skipped="0">
  <testcase classname="com.spree.Create_Delete_An_Address" name="POST_Create_Address" time="1.564"/>
  <system-out/>
  <testcase classname="com.spree.Create_Delete_An_Address" name="deleteAddress" time="0.778"/>
  <system-out/>
</testsuite> <!-- com.spree.Create_Delete_An_Address -->
