<?xml version="1.0" encoding="UTF-8"?>
<!-- Generated by org.testng.reporters.JUnitReportReporter -->
<testsuite hostname="Salenium-01" failures="0" tests="1" name="com.spree.Create_Or_Refresh_A_Token" time="8.305" errors="0" timestamp="2022-10-11T14:16:55 GMT-04:00" skipped="0">
  <testcase classname="com.spree.Create_Or_Refresh_A_Token" name="oAuth_Token" time="8.305"/>
  <system-out/>
</testsuite> <!-- com.spree.Create_Or_Refresh_A_Token -->
