<?xml version="1.0" encoding="UTF-8"?>
<!-- Generated by org.testng.reporters.JUnitReportReporter -->
<testsuite hostname="Salenium-01" failures="0" tests="1" name="com.spree.Get_Default_Country" time="6.206" errors="0" timestamp="2022-10-11T12:14:18 GMT-04:00" skipped="0">
  <testcase classname="com.spree.Get_Default_Country" name="GET_Get_Default_Country" time="6.206"/>
  <system-out/>
</testsuite> <!-- com.spree.Get_Default_Country -->
